SF:lib\core\common_domain\entities\based_api_result\error_result_model.dart
DA:10,1
DA:16,1
DA:17,4
LF:3
LH:3
end_of_record
SF:lib\features\cat_profiles\presentation\bloc\home_cubit\home_state.dart
DA:19,3
DA:20,0
DA:21,0
DA:22,0
DA:23,0
DA:24,5
LF:6
LH:2
end_of_record
SF:lib\features\cat_profiles\presentation\bloc\home_cubit\home_cubit.dart
DA:17,3
DA:19,1
DA:20,2
DA:22,4
DA:24,3
DA:27,2
DA:28,1
DA:29,1
DA:32,1
DA:33,1
DA:34,1
DA:35,3
DA:37,1
DA:39,1
DA:42,2
DA:43,2
DA:46,2
DA:47,2
DA:48,1
DA:52,1
DA:55,1
DA:60,1
DA:61,3
DA:70,1
DA:71,4
DA:74,1
DA:75,2
DA:76,1
DA:80,1
DA:82,3
DA:83,1
LF:31
LH:31
end_of_record
SF:lib\features\cat_profiles\domain\usecases\get_all_cats.dart
DA:11,0
DA:13,0
DA:17,0
LF:3
LH:0
end_of_record
SF:lib\features\cat_profiles\domain\entities\cat_entity.dart
DA:9,1
DA:11,1
DA:12,4
LF:3
LH:3
end_of_record
SF:lib\core\common_domain\usecases\base_params_usecase.dart
DA:15,1
DA:17,0
DA:18,0
LF:3
LH:1
end_of_record
SF:lib\features\cat_profiles\domain\entities\cat_breed_entity.dart
DA:26,0
DA:49,0
DA:50,0
DA:51,0
DA:52,0
DA:53,0
DA:54,0
DA:55,0
DA:56,0
DA:57,0
DA:58,0
DA:59,0
DA:60,0
DA:61,0
DA:62,0
DA:63,0
DA:64,0
DA:65,0
DA:66,0
DA:67,0
DA:68,0
DA:69,0
DA:70,0
LF:23
LH:0
end_of_record
SF:lib\features\cat_profiles\domain\entities\cat_weight_entity.dart
DA:7,0
DA:9,0
DA:10,0
LF:3
LH:0
end_of_record
SF:lib\features\cat_profiles\presentation\services\swiper_controller_service.dart
DA:6,1
DA:8,0
DA:9,0
DA:12,0
DA:13,0
DA:16,0
DA:17,0
LF:7
LH:1
end_of_record
