SF:lib\core\common_domain\entities\based_api_result\error_result_model.dart
DA:10,2
DA:16,1
DA:17,4
LF:3
LH:3
end_of_record
SF:lib\features\cat_profiles\presentation\bloc\home_cubit\home_state.dart
DA:19,3
DA:20,0
DA:21,0
DA:22,0
DA:23,0
DA:24,5
LF:6
LH:2
end_of_record
SF:lib\features\cat_profiles\presentation\bloc\home_cubit\home_cubit.dart
DA:17,3
DA:19,1
DA:20,2
DA:22,4
DA:24,3
DA:27,2
DA:28,1
DA:29,1
DA:32,1
DA:33,1
DA:34,1
DA:35,3
DA:37,1
DA:39,1
DA:42,2
DA:43,2
DA:46,2
DA:47,2
DA:48,1
DA:52,1
DA:55,1
DA:60,1
DA:61,3
DA:70,1
DA:71,4
DA:74,1
DA:75,2
DA:76,1
DA:80,1
DA:82,3
DA:83,1
LF:31
LH:31
end_of_record
SF:lib\features\cat_profiles\domain\usecases\get_all_cats.dart
DA:11,0
DA:13,0
DA:17,0
LF:3
LH:0
end_of_record
SF:lib\features\cat_profiles\domain\entities\cat_entity.dart
DA:9,3
DA:11,2
DA:12,8
LF:3
LH:3
end_of_record
SF:lib\core\common_domain\usecases\base_params_usecase.dart
DA:15,3
DA:17,0
DA:18,0
LF:3
LH:1
end_of_record
SF:lib\features\cat_profiles\domain\entities\cat_breed_entity.dart
DA:26,1
DA:49,1
DA:50,1
DA:51,1
DA:52,1
DA:53,1
DA:54,1
DA:55,1
DA:56,1
DA:57,1
DA:58,1
DA:59,1
DA:60,1
DA:61,1
DA:62,1
DA:63,1
DA:64,1
DA:65,1
DA:66,1
DA:67,1
DA:68,1
DA:69,1
DA:70,1
LF:23
LH:23
end_of_record
SF:lib\features\cat_profiles\domain\entities\cat_weight_entity.dart
DA:7,0
DA:9,0
DA:10,0
LF:3
LH:0
end_of_record
SF:lib\features\cat_profiles\presentation\services\swiper_controller_service.dart
DA:6,1
DA:8,0
DA:9,0
DA:12,0
DA:13,0
DA:16,0
DA:17,0
LF:7
LH:1
end_of_record
SF:lib\features\cat_profiles\domain\entities\cat_liked_entity.dart
DA:8,1
DA:10,1
DA:11,3
LF:3
LH:3
end_of_record
SF:lib\features\cat_profiles\domain\usecases\get_all_liked_cats.dart
DA:12,0
DA:14,0
DA:18,0
LF:3
LH:0
end_of_record
SF:lib\features\cat_profiles\domain\usecases\save_all_liked_cats.dart
DA:12,0
DA:14,0
DA:16,0
LF:3
LH:0
end_of_record
SF:lib\features\cat_profiles\presentation\bloc\liked_cats_cubit\liked_cats_cubit.dart
DA:19,1
DA:20,2
DA:22,1
DA:24,2
DA:26,1
DA:28,1
DA:29,1
DA:30,1
DA:32,0
DA:38,1
DA:39,5
DA:42,1
DA:43,1
DA:45,1
DA:48,3
DA:49,6
DA:53,8
DA:54,1
DA:58,1
DA:59,1
DA:62,2
DA:63,1
DA:64,5
DA:65,1
DA:66,1
DA:68,1
DA:70,4
DA:73,1
DA:75,9
DA:77,2
DA:78,6
DA:79,1
DA:81,4
DA:82,1
DA:85,1
DA:86,6
DA:89,1
DA:90,2
DA:91,2
DA:94,2
DA:97,1
DA:98,1
DA:99,3
DA:102,1
DA:104,2
DA:105,1
LF:46
LH:45
end_of_record
SF:lib\features\cat_profiles\presentation\bloc\liked_cats_cubit\liked_cats_state.dart
DA:17,0
LF:1
LH:0
end_of_record
